<?xml version="1.0" encoding="UTF-8"?>
<testsuite xmlns:xsi="http://www.w3.org/2001/XMLSchema-instance" xsi:noNamespaceSchemaLocation="https://maven.apache.org/surefire/maven-surefire-plugin/xsd/surefire-test-report.xsd" version="3.0.2" name="ServerTests" time="2.659" tests="4" errors="0" skipped="0" failures="1">
  <properties>
[...]
</properties>
  <testcase name="testMalformedInputDoesNotCrashServer" classname="ServerTests" time="0.045">
    <system-out><![CDATA[[DEBUG] Creating new FileSystemManager instance. Old instance closed: false
Test server is ready on port 12345
Server started. Listening on port 12345...
Client connected: /127.0.0.1:53116
Client disconnected: /127.0.0.1:53116
Client connected: /127.0.0.1:53124
Client disconnected: /127.0.0.1:53124
Client connected: /127.0.0.1:53136
Received from client: BADCOMMAND
Client disconnected: /127.0.0.1:53136
Client connected: /127.0.0.1:53144
Received from client: CREATE
Client disconnected: /127.0.0.1:53144
Client connected: /127.0.0.1:53146
Received from client: WRITE
Client disconnected: /127.0.0.1:53146
Client connected: /127.0.0.1:53158
Received from client: READ
Client disconnected: /127.0.0.1:53158
Client connected: /127.0.0.1:53174
Received from client: DELETE
Client disconnected: /127.0.0.1:53174
]]></system-out>
  </testcase>
  <testcase name="testServerRestartPersistence" classname="ServerTests" time="1.884">
    <failure message="File data not persisted. Got: ERROR: ERROR: File system unavailable (disk deleted or inaccessible) ==&gt; expected: &lt;true&gt; but was: &lt;false&gt;" type="org.opentest4j.AssertionFailedError"><![CDATA[org.opentest4j.AssertionFailedError: File data not persisted. Got: ERROR: ERROR: File system unavailable (disk deleted or inaccessible) ==> expected: <true> but was: <false>
	at org.junit.jupiter.api.AssertionFailureBuilder.build(AssertionFailureBuilder.java:151)
	at org.junit.jupiter.api.AssertionFailureBuilder.buildAndThrow(AssertionFailureBuilder.java:132)
	at org.junit.jupiter.api.AssertTrue.failNotTrue(AssertTrue.java:63)
	at org.junit.jupiter.api.AssertTrue.assertTrue(AssertTrue.java:36)
	at org.junit.jupiter.api.Assertions.assertTrue(Assertions.java:211)
	at ServerTests.testServerRestartPersistence(ServerTests.java:106)
	at java.base/jdk.internal.reflect.NativeMethodAccessorImpl.invoke0(Native Method)
	at java.base/jdk.internal.reflect.NativeMethodAccessorImpl.invoke(NativeMethodAccessorImpl.java:62)
	at java.base/jdk.internal.reflect.DelegatingMethodAccessorImpl.invoke(DelegatingMethodAccessorImpl.java:43)
	at java.base/java.lang.reflect.Method.invoke(Method.java:566)
	at org.junit.platform.commons.util.ReflectionUtils.invokeMethod(ReflectionUtils.java:727)
	at org.junit.jupiter.engine.execution.MethodInvocation.proceed(MethodInvocation.java:60)
	at org.junit.jupiter.engine.execution.InvocationInterceptorChain$ValidatingInvocation.proceed(InvocationInterceptorChain.java:131)
	at org.junit.jupiter.engine.extension.TimeoutExtension.intercept(TimeoutExtension.java:156)
	at org.junit.jupiter.engine.extension.TimeoutExtension.interceptTestableMethod(TimeoutExtension.java:147)
	at org.junit.jupiter.engine.extension.TimeoutExtension.interceptTestMethod(TimeoutExtension.java:86)
	at org.junit.jupiter.engine.execution.InterceptingExecutableInvoker$ReflectiveInterceptorCall.lambda$ofVoidMethod$0(InterceptingExecutableInvoker.java:103)
	at org.junit.jupiter.engine.execution.InterceptingExecutableInvoker.lambda$invoke$0(InterceptingExecutableInvoker.java:93)
	at org.junit.jupiter.engine.execution.InvocationInterceptorChain$InterceptedInvocation.proceed(InvocationInterceptorChain.java:106)
	at org.junit.jupiter.engine.execution.InvocationInterceptorChain.proceed(InvocationInterceptorChain.java:64)
	at org.junit.jupiter.engine.execution.InvocationInterceptorChain.chainAndInvoke(InvocationInterceptorChain.java:45)
	at org.junit.jupiter.engine.execution.InvocationInterceptorChain.invoke(InvocationInterceptorChain.java:37)
	at org.junit.jupiter.engine.execution.InterceptingExecutableInvoker.invoke(InterceptingExecutableInvoker.java:92)
	at org.junit.jupiter.engine.execution.InterceptingExecutableInvoker.invoke(InterceptingExecutableInvoker.java:86)
	at org.junit.jupiter.engine.descriptor.TestMethodTestDescriptor.lambda$invokeTestMethod$7(TestMethodTestDescriptor.java:217)
	at org.junit.platform.engine.support.hierarchical.ThrowableCollector.execute(ThrowableCollector.java:73)
	at org.junit.jupiter.engine.descriptor.TestMethodTestDescriptor.invokeTestMethod(TestMethodTestDescriptor.java:213)
	at org.junit.jupiter.engine.descriptor.TestMethodTestDescriptor.execute(TestMethodTestDescriptor.java:138)
	at org.junit.jupiter.engine.descriptor.TestMethodTestDescriptor.execute(TestMethodTestDescriptor.java:68)
	at org.junit.platform.engine.support.hierarchical.NodeTestTask.lambda$executeRecursively$6(NodeTestTask.java:151)
	at org.junit.platform.engine.support.hierarchical.ThrowableCollector.execute(ThrowableCollector.java:73)
	at org.junit.platform.engine.support.hierarchical.NodeTestTask.lambda$executeRecursively$8(NodeTestTask.java:141)
	at org.junit.platform.engine.support.hierarchical.Node.around(Node.java:137)
	at org.junit.platform.engine.support.hierarchical.NodeTestTask.lambda$executeRecursively$9(NodeTestTask.java:139)
	at org.junit.platform.engine.support.hierarchical.ThrowableCollector.execute(ThrowableCollector.java:73)
	at org.junit.platform.engine.support.hierarchical.NodeTestTask.executeRecursively(NodeTestTask.java:138)
	at org.junit.platform.engine.support.hierarchical.NodeTestTask.execute(NodeTestTask.java:95)
	at java.base/java.util.ArrayList.forEach(ArrayList.java:1541)
	at org.junit.platform.engine.support.hierarchical.SameThreadHierarchicalTestExecutorService.invokeAll(SameThreadHierarchicalTestExecutorService.java:41)
	at org.junit.platform.engine.support.hierarchical.NodeTestTask.lambda$executeRecursively$6(NodeTestTask.java:155)
	at org.junit.platform.engine.support.hierarchical.ThrowableCollector.execute(ThrowableCollector.java:73)
	at org.junit.platform.engine.support.hierarchical.NodeTestTask.lambda$executeRecursively$8(NodeTestTask.java:141)
	at org.junit.platform.engine.support.hierarchical.Node.around(Node.java:137)
	at org.junit.platform.engine.support.hierarchical.NodeTestTask.lambda$executeRecursively$9(NodeTestTask.java:139)
	at org.junit.platform.engine.support.hierarchical.ThrowableCollector.execute(ThrowableCollector.java:73)
	at org.junit.platform.engine.support.hierarchical.NodeTestTask.executeRecursively(NodeTestTask.java:138)
	at org.junit.platform.engine.support.hierarchical.NodeTestTask.execute(NodeTestTask.java:95)
	at java.base/java.util.ArrayList.forEach(ArrayList.java:1541)
	at org.junit.platform.engine.support.hierarchical.SameThreadHierarchicalTestExecutorService.invokeAll(SameThreadHierarchicalTestExecutorService.java:41)
	at org.junit.platform.engine.support.hierarchical.NodeTestTask.lambda$executeRecursively$6(NodeTestTask.java:155)
	at org.junit.platform.engine.support.hierarchical.ThrowableCollector.execute(ThrowableCollector.java:73)
	at org.junit.platform.engine.support.hierarchical.NodeTestTask.lambda$executeRecursively$8(NodeTestTask.java:141)
	at org.junit.platform.engine.support.hierarchical.Node.around(Node.java:137)
	at org.junit.platform.engine.support.hierarchical.NodeTestTask.lambda$executeRecursively$9(NodeTestTask.java:139)
	at org.junit.platform.engine.support.hierarchical.ThrowableCollector.execute(ThrowableCollector.java:73)
	at org.junit.platform.engine.support.hierarchical.NodeTestTask.executeRecursively(NodeTestTask.java:138)
	at org.junit.platform.engine.support.hierarchical.NodeTestTask.execute(NodeTestTask.java:95)
	at org.junit.platform.engine.support.hierarchical.SameThreadHierarchicalTestExecutorService.submit(SameThreadHierarchicalTestExecutorService.java:35)
	at org.junit.platform.engine.support.hierarchical.HierarchicalTestExecutor.execute(HierarchicalTestExecutor.java:57)
	at org.junit.platform.engine.support.hierarchical.HierarchicalTestEngine.execute(HierarchicalTestEngine.java:54)
	at org.junit.platform.launcher.core.EngineExecutionOrchestrator.execute(EngineExecutionOrchestrator.java:147)
	at org.junit.platform.launcher.core.EngineExecutionOrchestrator.execute(EngineExecutionOrchestrator.java:127)
	at org.junit.platform.launcher.core.EngineExecutionOrchestrator.execute(EngineExecutionOrchestrator.java:90)
	at org.junit.platform.launcher.core.EngineExecutionOrchestrator.lambda$execute$0(EngineExecutionOrchestrator.java:55)
	at org.junit.platform.launcher.core.EngineExecutionOrchestrator.withInterceptedStreams(EngineExecutionOrchestrator.java:102)
	at org.junit.platform.launcher.core.EngineExecutionOrchestrator.execute(EngineExecutionOrchestrator.java:54)
	at org.junit.platform.launcher.core.DefaultLauncher.execute(DefaultLauncher.java:114)
	at org.junit.platform.launcher.core.DefaultLauncher.execute(DefaultLauncher.java:86)
	at org.junit.platform.launcher.core.DefaultLauncherSession$DelegatingLauncher.execute(DefaultLauncherSession.java:86)
	at org.apache.maven.surefire.junitplatform.LauncherAdapter.executeWithoutCancellationToken(LauncherAdapter.java:60)
	at org.apache.maven.surefire.junitplatform.LauncherAdapter.execute(LauncherAdapter.java:52)
	at org.apache.maven.surefire.junitplatform.JUnitPlatformProvider.execute(JUnitPlatformProvider.java:203)
	at org.apache.maven.surefire.junitplatform.JUnitPlatformProvider.invokeAllTests(JUnitPlatformProvider.java:168)
	at org.apache.maven.surefire.junitplatform.JUnitPlatformProvider.invoke(JUnitPlatformProvider.java:136)
	at org.apache.maven.surefire.booter.ForkedBooter.runSuitesInProcess(ForkedBooter.java:385)
	at org.apache.maven.surefire.booter.ForkedBooter.execute(ForkedBooter.java:162)
	at org.apache.maven.surefire.booter.ForkedBooter.run(ForkedBooter.java:507)
	at org.apache.maven.surefire.booter.ForkedBooter.main(ForkedBooter.java:495)
]]></failure>
    <system-out><![CDATA[Test server is ready on port 12345
Client connected: /127.0.0.1:53178
Client connected: /127.0.0.1:53192
Client disconnected: /127.0.0.1:53178
Received from client: CREATE persist
Client disconnected: /127.0.0.1:53192
CREATE response: SUCCESS: File 'persist' created.
Client connected: /127.0.0.1:53196
Received from client: WRITE persist saveddata
WRITE response: SUCCESS: File 'persist' written.
Shutting down server...
Client disconnected: /127.0.0.1:53196
Server stopped successfully.
Test server stopped
[DEBUG] Creating new FileSystemManager instance. Old instance closed: true
Client connected: /127.0.0.1:50098
Test server is ready on port 12345
Client connected: /127.0.0.1:50114
Client disconnected: /127.0.0.1:50098
Received from client: READ persist
READ response: ERROR: ERROR: File system unavailable (disk deleted or inaccessible)
Client disconnected: /127.0.0.1:50114
]]></system-out>
    <system-err><![CDATA[ERROR: Port 12345 is already in use. Cannot start server.
Try: lsof -i :12345 to find the process using this port
java.net.BindException: Address already in use (Bind failed)
	at java.base/java.net.PlainSocketImpl.socketBind(Native Method)
	at java.base/java.net.AbstractPlainSocketImpl.bind(AbstractPlainSocketImpl.java:452)
	at java.base/java.net.ServerSocket.bind(ServerSocket.java:395)
	at java.base/java.net.ServerSocket.<init>(ServerSocket.java:257)
	at java.base/java.net.ServerSocket.<init>(ServerSocket.java:149)
	at ca.concordia.server.FileServer.runServer(FileServer.java:64)
	at ca.concordia.server.FileServer.lambda$start$0(FileServer.java:29)
	at java.base/java.lang.Thread.run(Thread.java:829)
ERROR: Port 12345 is already in use. Cannot start server.
Try: lsof -i :12345 to find the process using this port
java.net.BindException: Address already in use (Bind failed)
	at java.base/java.net.PlainSocketImpl.socketBind(Native Method)
	at java.base/java.net.AbstractPlainSocketImpl.bind(AbstractPlainSocketImpl.java:452)
	at java.base/java.net.ServerSocket.bind(ServerSocket.java:395)
	at java.base/java.net.ServerSocket.<init>(ServerSocket.java:257)
	at java.base/java.net.ServerSocket.<init>(ServerSocket.java:149)
	at ca.concordia.server.FileServer.runServer(FileServer.java:64)
	at ca.concordia.server.FileServer.lambda$start$0(FileServer.java:29)
	at java.base/java.lang.Thread.run(Thread.java:829)
java.lang.Exception: ERROR: File system unavailable (disk deleted or inaccessible)
	at ca.concordia.filesystem.FileSystemManager.readFile(FileSystemManager.java:386)
	at ca.concordia.server.ServerThread.run(ServerThread.java:68)
]]></system-err>
  </testcase>
  <testcase name="testServerRecoversAfterErrorCommand" classname="ServerTests" time="0.005">
    <system-out><![CDATA[Client connected: /127.0.0.1:50118
Received from client: WRIT invalid
Client connected: /127.0.0.1:50128
Received from client: LIST
Client disconnected: /127.0.0.1:50118
]]></system-out>
  </testcase>
  <testcase name="testHandlesHundredsOfClientsQuickly" classname="ServerTests" time="0.113">
    <system-out><![CDATA[Client disconnected: /127.0.0.1:50128
Client connected: /127.0.0.1:50142
Client connected: /127.0.0.1:50144
Received from client: LIST
Client connected: /127.0.0.1:50148
Client disconnected: /127.0.0.1:50142
Client connected: /127.0.0.1:50154
Client connected: /127.0.0.1:50166
Client connected: /127.0.0.1:50170
Client connected: /127.0.0.1:50184
Client connected: /127.0.0.1:50198
Client connected: /127.0.0.1:50216
Client connected: /127.0.0.1:50218
Received from client: LIST
Client connected: /127.0.0.1:50202
Client disconnected: /127.0.0.1:50148
Client connected: /127.0.0.1:50234
Client connected: /127.0.0.1:50250
Received from client: LIST
Received from client: LIST
Received from client: LIST
Client disconnected: /127.0.0.1:50144
Client disconnected: /127.0.0.1:50198
Received from client: LIST
Client connected: /127.0.0.1:50266
Received from client: LIST
Received from client: LIST
Received from client: LIST
Client disconnected: /127.0.0.1:50166
Received from client: LIST
Client disconnected: /127.0.0.1:50184
Received from client: LIST
Received from client: LIST
Client disconnected: /127.0.0.1:50154
Client disconnected: /127.0.0.1:50216
Client disconnected: /127.0.0.1:50218
Client disconnected: /127.0.0.1:50202
Client disconnected: /127.0.0.1:50170
Client disconnected: /127.0.0.1:50234
Client connected: /127.0.0.1:50270
Received from client: LIST
Received from client: LIST
Client disconnected: /127.0.0.1:50266
Client disconnected: /127.0.0.1:50250
Client connected: /127.0.0.1:50280
Client connected: /127.0.0.1:50292
Client connected: /127.0.0.1:50306
Client connected: /127.0.0.1:50310
Client connected: /127.0.0.1:50322
Client connected: /127.0.0.1:50338
Client connected: /127.0.0.1:50348
Received from client: LIST
Client disconnected: /127.0.0.1:50270
Received from client: LIST
Received from client: LIST
Client connected: /127.0.0.1:50354
Received from client: LIST
Received from client: LIST
Received from client: LIST
Client disconnected: /127.0.0.1:50280
Client connected: /127.0.0.1:50364
Client disconnected: /127.0.0.1:50292
Client disconnected: /127.0.0.1:50322
Client connected: /127.0.0.1:50366
Client disconnected: /127.0.0.1:50310
Client disconnected: /127.0.0.1:50306
Client connected: /127.0.0.1:50376
Client connected: /127.0.0.1:50382
Client connected: /127.0.0.1:50388
Received from client: LIST
Client connected: /127.0.0.1:50400
Received from client: LIST
Client connected: /127.0.0.1:50402
Received from client: LIST
Received from client: LIST
Client disconnected: /127.0.0.1:50354
Received from client: LIST
Client disconnected: /127.0.0.1:50388
Client connected: /127.0.0.1:50404
Received from client: LIST
Received from client: LIST
Received from client: LIST
Client disconnected: /127.0.0.1:50364
Client connected: /127.0.0.1:50414
Received from client: LIST
Client disconnected: /127.0.0.1:50402
Client disconnected: /127.0.0.1:50400
Client connected: /127.0.0.1:50426
Received from client: LIST
Client disconnected: /127.0.0.1:50366
Received from client: LIST
Client disconnected: /127.0.0.1:50338
Client disconnected: /127.0.0.1:50348
Received from client: LIST
Client disconnected: /127.0.0.1:50404
Client connected: /127.0.0.1:50440
Received from client: LIST
Client disconnected: /127.0.0.1:50382
Client connected: /127.0.0.1:50442
Received from client: LIST
Client disconnected: /127.0.0.1:50376
Client disconnected: /127.0.0.1:50426
Received from client: LIST
Client connected: /127.0.0.1:50444
Client disconnected: /127.0.0.1:50414
Client disconnected: /127.0.0.1:50442
Received from client: LIST
Client disconnected: /127.0.0.1:50440
Client connected: /127.0.0.1:50448
Client connected: /127.0.0.1:50450
Received from client: LIST
Client connected: /127.0.0.1:50452
Received from client: LIST
Client disconnected: /127.0.0.1:50448
Client disconnected: /127.0.0.1:50444
Client connected: /127.0.0.1:50464
Received from client: LIST
Client disconnected: /127.0.0.1:50450
Client connected: /127.0.0.1:50470
Client connected: /127.0.0.1:50484
Received from client: LIST
Received from client: LIST
Client disconnected: /127.0.0.1:50452
Received from client: LIST
Client connected: /127.0.0.1:50490
Client connected: /127.0.0.1:50506
Client disconnected: /127.0.0.1:50464
Received from client: LIST
Client disconnected: /127.0.0.1:50470
Client connected: /127.0.0.1:50522
Client disconnected: /127.0.0.1:50484
Client disconnected: /127.0.0.1:50490
Received from client: LIST
Client connected: /127.0.0.1:50524
Client connected: /127.0.0.1:50526
Received from client: LIST
Received from client: LIST
Client disconnected: /127.0.0.1:50524
Client connected: /127.0.0.1:50534
Client disconnected: /127.0.0.1:50522
Received from client: LIST
Client disconnected: /127.0.0.1:50506
Received from client: LIST
Client disconnected: /127.0.0.1:50534
Client connected: /127.0.0.1:50544
Client disconnected: /127.0.0.1:50526
Client connected: /127.0.0.1:50554
Received from client: LIST
Client disconnected: /127.0.0.1:50544
Received from client: LIST
Client connected: /127.0.0.1:50568
Client connected: /127.0.0.1:50584
Client disconnected: /127.0.0.1:50554
Received from client: LIST
Received from client: LIST
Client disconnected: /127.0.0.1:50584
Client connected: /127.0.0.1:50600
Received from client: LIST
Client disconnected: /127.0.0.1:50568
Client connected: /127.0.0.1:50604
Received from client: LIST
Client connected: /127.0.0.1:50602
Client connected: /127.0.0.1:50614
Received from client: LIST
Client connected: /127.0.0.1:50626
Received from client: LIST
Received from client: LIST
Client disconnected: /127.0.0.1:50602
Client connected: /127.0.0.1:50632
Client disconnected: /127.0.0.1:50604
Received from client: LIST
Client connected: /127.0.0.1:50644
Client connected: /127.0.0.1:50656
Received from client: LIST
Client disconnected: /127.0.0.1:50626
Client connected: /127.0.0.1:50666
Client disconnected: /127.0.0.1:50600
Received from client: LIST
Client disconnected: /127.0.0.1:50632
Client disconnected: /127.0.0.1:50614
Client disconnected: /127.0.0.1:50644
Client connected: /127.0.0.1:50670
Received from client: LIST
Client disconnected: /127.0.0.1:50656
Received from client: LIST
Client connected: /127.0.0.1:50672
Received from client: LIST
Client disconnected: /127.0.0.1:50672
Client connected: /127.0.0.1:50690
Client disconnected: /127.0.0.1:50666
Received from client: LIST
Client connected: /127.0.0.1:50692
Client connected: /127.0.0.1:50696
Received from client: LIST
Client disconnected: /127.0.0.1:50690
Received from client: LIST
Client connected: /127.0.0.1:50704
Client disconnected: /127.0.0.1:50670
Client connected: /127.0.0.1:50718
Received from client: LIST
Client connected: /127.0.0.1:50726
Received from client: LIST
Client disconnected: /127.0.0.1:50692
Client disconnected: /127.0.0.1:50718
Client disconnected: /127.0.0.1:50704
Received from client: LIST
Client connected: /127.0.0.1:50742
Client disconnected: /127.0.0.1:50696
Client disconnected: /127.0.0.1:50726
Client connected: /127.0.0.1:50754
Client connected: /127.0.0.1:50760
Received from client: LIST
Client disconnected: /127.0.0.1:50742
Received from client: LIST
Received from client: LIST
Client connected: /127.0.0.1:50766
Client connected: /127.0.0.1:50774
Received from client: LIST
Client disconnected: /127.0.0.1:50754
Client connected: /127.0.0.1:50786
Received from client: LIST
Client disconnected: /127.0.0.1:50760
Client disconnected: /127.0.0.1:50766
Client disconnected: /127.0.0.1:50774
Client connected: /127.0.0.1:50802
Received from client: LIST
Client disconnected: /127.0.0.1:50786
Client connected: /127.0.0.1:50810
Received from client: LIST
Client disconnected: /127.0.0.1:50802
Client connected: /127.0.0.1:50816
Received from client: LIST
Client disconnected: /127.0.0.1:50810
Client connected: /127.0.0.1:50826
Received from client: LIST
Received from client: LIST
Client connected: /127.0.0.1:50836
Client disconnected: /127.0.0.1:50816
Client connected: /127.0.0.1:50848
Client disconnected: /127.0.0.1:50826
Received from client: LIST
Received from client: LIST
Client disconnected: /127.0.0.1:50836
Client connected: /127.0.0.1:50860
Client disconnected: /127.0.0.1:50848
Client connected: /127.0.0.1:50874
Received from client: LIST
Client disconnected: /127.0.0.1:50860
Client connected: /127.0.0.1:50880
Received from client: LIST
Received from client: LIST
Client disconnected: /127.0.0.1:50874
Client connected: /127.0.0.1:50896
Client disconnected: /127.0.0.1:50880
Client connected: /127.0.0.1:50910
Received from client: LIST
Client connected: /127.0.0.1:50922
Client connected: /127.0.0.1:50934
Received from client: LIST
Client disconnected: /127.0.0.1:50922
Received from client: LIST
Client connected: /127.0.0.1:50944
Client disconnected: /127.0.0.1:50934
Client disconnected: /127.0.0.1:50910
Received from client: LIST
Client connected: /127.0.0.1:50956
Client disconnected: /127.0.0.1:50896
Client connected: /127.0.0.1:50972
Received from client: LIST
Received from client: LIST
Client connected: /127.0.0.1:50980
Received from client: LIST
Client disconnected: /127.0.0.1:50944
Client connected: /127.0.0.1:50996
Received from client: LIST
Client connected: /127.0.0.1:50998
Received from client: LIST
Client disconnected: /127.0.0.1:50996
Received from client: LIST
Client disconnected: /127.0.0.1:50998
Client disconnected: /127.0.0.1:50956
Client disconnected: /127.0.0.1:50972
Client disconnected: /127.0.0.1:50980
Client connected: /127.0.0.1:51008
Received from client: LIST
Client connected: /127.0.0.1:51020
Client disconnected: /127.0.0.1:51008
Received from client: LIST
Client connected: /127.0.0.1:51030
Client disconnected: /127.0.0.1:51020
Client connected: /127.0.0.1:51046
Received from client: LIST
Received from client: LIST
Client connected: /127.0.0.1:51054
Client connected: /127.0.0.1:51068
Received from client: LIST
Client disconnected: /127.0.0.1:51046
Received from client: LIST
Client disconnected: /127.0.0.1:51054
Client disconnected: /127.0.0.1:51068
Client disconnected: /127.0.0.1:51030
]]></system-out>
    <system-err><![CDATA[Client handler error: Connection reset
java.net.SocketException: Connection reset
	at java.base/java.net.SocketInputStream.read(SocketInputStream.java:186)
	at java.base/java.net.SocketInputStream.read(SocketInputStream.java:140)
	at java.base/sun.nio.cs.StreamDecoder.readBytes(StreamDecoder.java:284)
	at java.base/sun.nio.cs.StreamDecoder.implRead(StreamDecoder.java:326)
	at java.base/sun.nio.cs.StreamDecoder.read(StreamDecoder.java:178)
	at java.base/java.io.InputStreamReader.read(InputStreamReader.java:181)
	at java.base/java.io.BufferedReader.fill(BufferedReader.java:161)
	at java.base/java.io.BufferedReader.readLine(BufferedReader.java:326)
	at java.base/java.io.BufferedReader.readLine(BufferedReader.java:392)
	at ca.concordia.server.ServerThread.run(ServerThread.java:31)
]]></system-err>
  </testcase>
</testsuite>