<?xml version="1.0" encoding="UTF-8"?>
<testsuite xmlns:xsi="http://www.w3.org/2001/XMLSchema-instance" xsi:noNamespaceSchemaLocation="https://maven.apache.org/surefire/maven-surefire-plugin/xsd/surefire-test-report.xsd" version="3.0.2" name="ServerTests" time="2.697" tests="4" errors="0" skipped="0" failures="1">
  <properties>
[...]
</properties>
  <testcase name="testMalformedInputDoesNotCrashServer" classname="ServerTests" time="0.128">
    <system-out><![CDATA[Test server is ready on port 12345
Server started. Listening on port 12345...
Client connected: /127.0.0.1:37564
Client connected: /127.0.0.1:37572
Client disconnected: /127.0.0.1:37564
Client disconnected: /127.0.0.1:37572
Client connected: /127.0.0.1:37586
Received from client: BADCOMMAND
Client disconnected: /127.0.0.1:37586
Client connected: /127.0.0.1:37596
Received from client: CREATE
Client disconnected: /127.0.0.1:37596
Client connected: /127.0.0.1:37608
Received from client: WRITE
Client disconnected: /127.0.0.1:37608
Client connected: /127.0.0.1:37610
Received from client: READ
Client connected: /127.0.0.1:37620
Client disconnected: /127.0.0.1:37610
Received from client: DELETE
Client disconnected: /127.0.0.1:37620
]]></system-out>
  </testcase>
  <testcase name="testServerRestartPersistence" classname="ServerTests" time="1.733">
    <failure message="File data not persisted. Got: SUCCESS:  ==&gt; expected: &lt;true&gt; but was: &lt;false&gt;" type="org.opentest4j.AssertionFailedError"><![CDATA[org.opentest4j.AssertionFailedError: File data not persisted. Got: SUCCESS:  ==> expected: <true> but was: <false>
	at org.junit.jupiter.api.AssertionFailureBuilder.build(AssertionFailureBuilder.java:151)
	at org.junit.jupiter.api.AssertionFailureBuilder.buildAndThrow(AssertionFailureBuilder.java:132)
	at org.junit.jupiter.api.AssertTrue.failNotTrue(AssertTrue.java:63)
	at org.junit.jupiter.api.AssertTrue.assertTrue(AssertTrue.java:36)
	at org.junit.jupiter.api.Assertions.assertTrue(Assertions.java:211)
	at ServerTests.testServerRestartPersistence(ServerTests.java:106)
	at java.base/jdk.internal.reflect.NativeMethodAccessorImpl.invoke0(Native Method)
	at java.base/jdk.internal.reflect.NativeMethodAccessorImpl.invoke(NativeMethodAccessorImpl.java:62)
	at java.base/jdk.internal.reflect.DelegatingMethodAccessorImpl.invoke(DelegatingMethodAccessorImpl.java:43)
	at java.base/java.lang.reflect.Method.invoke(Method.java:566)
	at org.junit.platform.commons.util.ReflectionUtils.invokeMethod(ReflectionUtils.java:727)
	at org.junit.jupiter.engine.execution.MethodInvocation.proceed(MethodInvocation.java:60)
	at org.junit.jupiter.engine.execution.InvocationInterceptorChain$ValidatingInvocation.proceed(InvocationInterceptorChain.java:131)
	at org.junit.jupiter.engine.extension.TimeoutExtension.intercept(TimeoutExtension.java:156)
	at org.junit.jupiter.engine.extension.TimeoutExtension.interceptTestableMethod(TimeoutExtension.java:147)
	at org.junit.jupiter.engine.extension.TimeoutExtension.interceptTestMethod(TimeoutExtension.java:86)
	at org.junit.jupiter.engine.execution.InterceptingExecutableInvoker$ReflectiveInterceptorCall.lambda$ofVoidMethod$0(InterceptingExecutableInvoker.java:103)
	at org.junit.jupiter.engine.execution.InterceptingExecutableInvoker.lambda$invoke$0(InterceptingExecutableInvoker.java:93)
	at org.junit.jupiter.engine.execution.InvocationInterceptorChain$InterceptedInvocation.proceed(InvocationInterceptorChain.java:106)
	at org.junit.jupiter.engine.execution.InvocationInterceptorChain.proceed(InvocationInterceptorChain.java:64)
	at org.junit.jupiter.engine.execution.InvocationInterceptorChain.chainAndInvoke(InvocationInterceptorChain.java:45)
	at org.junit.jupiter.engine.execution.InvocationInterceptorChain.invoke(InvocationInterceptorChain.java:37)
	at org.junit.jupiter.engine.execution.InterceptingExecutableInvoker.invoke(InterceptingExecutableInvoker.java:92)
	at org.junit.jupiter.engine.execution.InterceptingExecutableInvoker.invoke(InterceptingExecutableInvoker.java:86)
	at org.junit.jupiter.engine.descriptor.TestMethodTestDescriptor.lambda$invokeTestMethod$7(TestMethodTestDescriptor.java:217)
	at org.junit.platform.engine.support.hierarchical.ThrowableCollector.execute(ThrowableCollector.java:73)
	at org.junit.jupiter.engine.descriptor.TestMethodTestDescriptor.invokeTestMethod(TestMethodTestDescriptor.java:213)
	at org.junit.jupiter.engine.descriptor.TestMethodTestDescriptor.execute(TestMethodTestDescriptor.java:138)
	at org.junit.jupiter.engine.descriptor.TestMethodTestDescriptor.execute(TestMethodTestDescriptor.java:68)
	at org.junit.platform.engine.support.hierarchical.NodeTestTask.lambda$executeRecursively$6(NodeTestTask.java:151)
	at org.junit.platform.engine.support.hierarchical.ThrowableCollector.execute(ThrowableCollector.java:73)
	at org.junit.platform.engine.support.hierarchical.NodeTestTask.lambda$executeRecursively$8(NodeTestTask.java:141)
	at org.junit.platform.engine.support.hierarchical.Node.around(Node.java:137)
	at org.junit.platform.engine.support.hierarchical.NodeTestTask.lambda$executeRecursively$9(NodeTestTask.java:139)
	at org.junit.platform.engine.support.hierarchical.ThrowableCollector.execute(ThrowableCollector.java:73)
	at org.junit.platform.engine.support.hierarchical.NodeTestTask.executeRecursively(NodeTestTask.java:138)
	at org.junit.platform.engine.support.hierarchical.NodeTestTask.execute(NodeTestTask.java:95)
	at java.base/java.util.ArrayList.forEach(ArrayList.java:1541)
	at org.junit.platform.engine.support.hierarchical.SameThreadHierarchicalTestExecutorService.invokeAll(SameThreadHierarchicalTestExecutorService.java:41)
	at org.junit.platform.engine.support.hierarchical.NodeTestTask.lambda$executeRecursively$6(NodeTestTask.java:155)
	at org.junit.platform.engine.support.hierarchical.ThrowableCollector.execute(ThrowableCollector.java:73)
	at org.junit.platform.engine.support.hierarchical.NodeTestTask.lambda$executeRecursively$8(NodeTestTask.java:141)
	at org.junit.platform.engine.support.hierarchical.Node.around(Node.java:137)
	at org.junit.platform.engine.support.hierarchical.NodeTestTask.lambda$executeRecursively$9(NodeTestTask.java:139)
	at org.junit.platform.engine.support.hierarchical.ThrowableCollector.execute(ThrowableCollector.java:73)
	at org.junit.platform.engine.support.hierarchical.NodeTestTask.executeRecursively(NodeTestTask.java:138)
	at org.junit.platform.engine.support.hierarchical.NodeTestTask.execute(NodeTestTask.java:95)
	at java.base/java.util.ArrayList.forEach(ArrayList.java:1541)
	at org.junit.platform.engine.support.hierarchical.SameThreadHierarchicalTestExecutorService.invokeAll(SameThreadHierarchicalTestExecutorService.java:41)
	at org.junit.platform.engine.support.hierarchical.NodeTestTask.lambda$executeRecursively$6(NodeTestTask.java:155)
	at org.junit.platform.engine.support.hierarchical.ThrowableCollector.execute(ThrowableCollector.java:73)
	at org.junit.platform.engine.support.hierarchical.NodeTestTask.lambda$executeRecursively$8(NodeTestTask.java:141)
	at org.junit.platform.engine.support.hierarchical.Node.around(Node.java:137)
	at org.junit.platform.engine.support.hierarchical.NodeTestTask.lambda$executeRecursively$9(NodeTestTask.java:139)
	at org.junit.platform.engine.support.hierarchical.ThrowableCollector.execute(ThrowableCollector.java:73)
	at org.junit.platform.engine.support.hierarchical.NodeTestTask.executeRecursively(NodeTestTask.java:138)
	at org.junit.platform.engine.support.hierarchical.NodeTestTask.execute(NodeTestTask.java:95)
	at org.junit.platform.engine.support.hierarchical.SameThreadHierarchicalTestExecutorService.submit(SameThreadHierarchicalTestExecutorService.java:35)
	at org.junit.platform.engine.support.hierarchical.HierarchicalTestExecutor.execute(HierarchicalTestExecutor.java:57)
	at org.junit.platform.engine.support.hierarchical.HierarchicalTestEngine.execute(HierarchicalTestEngine.java:54)
	at org.junit.platform.launcher.core.EngineExecutionOrchestrator.execute(EngineExecutionOrchestrator.java:147)
	at org.junit.platform.launcher.core.EngineExecutionOrchestrator.execute(EngineExecutionOrchestrator.java:127)
	at org.junit.platform.launcher.core.EngineExecutionOrchestrator.execute(EngineExecutionOrchestrator.java:90)
	at org.junit.platform.launcher.core.EngineExecutionOrchestrator.lambda$execute$0(EngineExecutionOrchestrator.java:55)
	at org.junit.platform.launcher.core.EngineExecutionOrchestrator.withInterceptedStreams(EngineExecutionOrchestrator.java:102)
	at org.junit.platform.launcher.core.EngineExecutionOrchestrator.execute(EngineExecutionOrchestrator.java:54)
	at org.junit.platform.launcher.core.DefaultLauncher.execute(DefaultLauncher.java:114)
	at org.junit.platform.launcher.core.DefaultLauncher.execute(DefaultLauncher.java:86)
	at org.junit.platform.launcher.core.DefaultLauncherSession$DelegatingLauncher.execute(DefaultLauncherSession.java:86)
	at org.apache.maven.surefire.junitplatform.LauncherAdapter.executeWithoutCancellationToken(LauncherAdapter.java:60)
	at org.apache.maven.surefire.junitplatform.LauncherAdapter.execute(LauncherAdapter.java:52)
	at org.apache.maven.surefire.junitplatform.JUnitPlatformProvider.execute(JUnitPlatformProvider.java:203)
	at org.apache.maven.surefire.junitplatform.JUnitPlatformProvider.invokeAllTests(JUnitPlatformProvider.java:168)
	at org.apache.maven.surefire.junitplatform.JUnitPlatformProvider.invoke(JUnitPlatformProvider.java:136)
	at org.apache.maven.surefire.booter.ForkedBooter.runSuitesInProcess(ForkedBooter.java:385)
	at org.apache.maven.surefire.booter.ForkedBooter.execute(ForkedBooter.java:162)
	at org.apache.maven.surefire.booter.ForkedBooter.run(ForkedBooter.java:507)
	at org.apache.maven.surefire.booter.ForkedBooter.main(ForkedBooter.java:495)
]]></failure>
    <system-out><![CDATA[Client connected: /127.0.0.1:37626
Test server is ready on port 12345
Client connected: /127.0.0.1:37630
Client disconnected: /127.0.0.1:37626
Received from client: CREATE persist
CREATE response: SUCCESS: File 'persist' created.
Client disconnected: /127.0.0.1:37630
Client connected: /127.0.0.1:33090
Received from client: WRITE persist saveddata
WRITE response: ERROR: ERROR: file too large
Shutting down server...
Client disconnected: /127.0.0.1:33090
Server stopped successfully.
Test server stopped
Test server is ready on port 12345
Client connected: /127.0.0.1:33106
Client connected: /127.0.0.1:33114
Client disconnected: /127.0.0.1:33106
Received from client: READ persist
Client disconnected: /127.0.0.1:33114
READ response: SUCCESS: 
]]></system-out>
    <system-err><![CDATA[ERROR: Port 12345 is already in use. Cannot start server.
Try: lsof -i :12345 to find the process using this port
java.net.BindException: Address already in use (Bind failed)
	at java.base/java.net.PlainSocketImpl.socketBind(Native Method)
	at java.base/java.net.AbstractPlainSocketImpl.bind(AbstractPlainSocketImpl.java:452)
	at java.base/java.net.ServerSocket.bind(ServerSocket.java:395)
	at java.base/java.net.ServerSocket.<init>(ServerSocket.java:257)
	at java.base/java.net.ServerSocket.<init>(ServerSocket.java:149)
	at ca.concordia.server.FileServer.runServer(FileServer.java:64)
	at ca.concordia.server.FileServer.lambda$start$0(FileServer.java:29)
	at java.base/java.lang.Thread.run(Thread.java:829)
java.lang.Exception: ERROR: file too large
	at ca.concordia.filesystem.FileSystemManager.writeFile(FileSystemManager.java:281)
	at ca.concordia.server.ServerThread.run(ServerThread.java:81)
ERROR: Port 12345 is already in use. Cannot start server.
Try: lsof -i :12345 to find the process using this port
java.net.BindException: Address already in use (Bind failed)
	at java.base/java.net.PlainSocketImpl.socketBind(Native Method)
	at java.base/java.net.AbstractPlainSocketImpl.bind(AbstractPlainSocketImpl.java:452)
	at java.base/java.net.ServerSocket.bind(ServerSocket.java:395)
	at java.base/java.net.ServerSocket.<init>(ServerSocket.java:257)
	at java.base/java.net.ServerSocket.<init>(ServerSocket.java:149)
	at ca.concordia.server.FileServer.runServer(FileServer.java:64)
	at ca.concordia.server.FileServer.lambda$start$0(FileServer.java:29)
	at java.base/java.lang.Thread.run(Thread.java:829)
]]></system-err>
  </testcase>
  <testcase name="testServerRecoversAfterErrorCommand" classname="ServerTests" time="0.009">
    <system-out><![CDATA[Client connected: /127.0.0.1:33120
Received from client: WRIT invalid
Client disconnected: /127.0.0.1:33120
Client connected: /127.0.0.1:33124
Received from client: LIST
]]></system-out>
  </testcase>
  <testcase name="testHandlesHundredsOfClientsQuickly" classname="ServerTests" time="0.254">
    <system-out><![CDATA[Client disconnected: /127.0.0.1:33124
Client connected: /127.0.0.1:33140
Client connected: /127.0.0.1:33146
Received from client: LIST
Client disconnected: /127.0.0.1:33140
Client connected: /127.0.0.1:33148
Received from client: LIST
Client disconnected: /127.0.0.1:33146
Client connected: /127.0.0.1:33164
Client connected: /127.0.0.1:33172
Client connected: /127.0.0.1:33188
Client connected: /127.0.0.1:33202
Client connected: /127.0.0.1:33216
Client connected: /127.0.0.1:33226
Client connected: /127.0.0.1:33228
Client connected: /127.0.0.1:33234
Received from client: LIST
Received from client: LIST
Received from client: LIST
Client connected: /127.0.0.1:33236
Received from client: LIST
Received from client: LIST
Client disconnected: /127.0.0.1:33228
Client connected: /127.0.0.1:33252
Received from client: LIST
Received from client: LIST
Client disconnected: /127.0.0.1:33188
Received from client: LIST
Client disconnected: /127.0.0.1:33172
Received from client: LIST
Received from client: LIST
Client disconnected: /127.0.0.1:33234
Client connected: /127.0.0.1:33254
Client disconnected: /127.0.0.1:33202
Client disconnected: /127.0.0.1:33236
Client disconnected: /127.0.0.1:33148
Client connected: /127.0.0.1:33256
Client disconnected: /127.0.0.1:33164
Client connected: /127.0.0.1:33272
Client connected: /127.0.0.1:33284
Client disconnected: /127.0.0.1:33216
Client disconnected: /127.0.0.1:33226
Client connected: /127.0.0.1:33298
Client connected: /127.0.0.1:33306
Client connected: /127.0.0.1:33308
Received from client: LIST
Received from client: LIST
Received from client: LIST
Client connected: /127.0.0.1:33322
Client disconnected: /127.0.0.1:33254
Client disconnected: /127.0.0.1:33272
Received from client: LIST
Client disconnected: /127.0.0.1:33256
Client disconnected: /127.0.0.1:33252
Client connected: /127.0.0.1:33330
Received from client: LIST
Received from client: LIST
Client connected: /127.0.0.1:33336
Received from client: LIST
Client connected: /127.0.0.1:33344
Client disconnected: /127.0.0.1:33298
Client disconnected: /127.0.0.1:33284
Client connected: /127.0.0.1:33358
Received from client: LIST
Client connected: /127.0.0.1:33370
Client disconnected: /127.0.0.1:33322
Received from client: LIST
Received from client: LIST
Received from client: LIST
Received from client: LIST
Client disconnected: /127.0.0.1:33330
Client disconnected: /127.0.0.1:33308
Received from client: LIST
Client connected: /127.0.0.1:33372
Client disconnected: /127.0.0.1:33358
Client connected: /127.0.0.1:33388
Client connected: /127.0.0.1:33398
Client disconnected: /127.0.0.1:33344
Client disconnected: /127.0.0.1:33306
Client connected: /127.0.0.1:33408
Client disconnected: /127.0.0.1:33336
Client connected: /127.0.0.1:33424
Client connected: /127.0.0.1:33432
Client connected: /127.0.0.1:33446
Received from client: LIST
Received from client: LIST
Received from client: LIST
Received from client: LIST
Client disconnected: /127.0.0.1:33370
Client disconnected: /127.0.0.1:33432
Client disconnected: /127.0.0.1:33372
Received from client: LIST
Received from client: LIST
Received from client: LIST
Client disconnected: /127.0.0.1:33424
Client connected: /127.0.0.1:33450
Client disconnected: /127.0.0.1:33408
Client disconnected: /127.0.0.1:33398
Client disconnected: /127.0.0.1:33388
Client connected: /127.0.0.1:33460
Received from client: LIST
Received from client: LIST
Client connected: /127.0.0.1:33472
Client connected: /127.0.0.1:33480
Received from client: LIST
Client disconnected: /127.0.0.1:33446
Received from client: LIST
Client disconnected: /127.0.0.1:33450
Client connected: /127.0.0.1:33484
Received from client: LIST
Client disconnected: /127.0.0.1:33480
Client connected: /127.0.0.1:33494
Client disconnected: /127.0.0.1:33472
Received from client: LIST
Client disconnected: /127.0.0.1:33460
Client connected: /127.0.0.1:33502
Received from client: LIST
Client connected: /127.0.0.1:33506
Received from client: LIST
Client connected: /127.0.0.1:33520
Received from client: LIST
Client disconnected: /127.0.0.1:33484
Client disconnected: /127.0.0.1:33494
Client connected: /127.0.0.1:33536
Received from client: LIST
Client disconnected: /127.0.0.1:33502
Client connected: /127.0.0.1:33552
Client disconnected: /127.0.0.1:33506
Received from client: LIST
Client connected: /127.0.0.1:33564
Received from client: LIST
Client disconnected: /127.0.0.1:33520
Client disconnected: /127.0.0.1:33552
Received from client: LIST
Client connected: /127.0.0.1:33580
Client disconnected: /127.0.0.1:33564
Client connected: /127.0.0.1:33588
Received from client: LIST
Client connected: /127.0.0.1:33590
Received from client: LIST
Client disconnected: /127.0.0.1:33580
Received from client: LIST
Client connected: /127.0.0.1:33602
Client disconnected: /127.0.0.1:33536
Client connected: /127.0.0.1:33608
Received from client: LIST
Client disconnected: /127.0.0.1:33588
Client disconnected: /127.0.0.1:33590
Received from client: LIST
Client connected: /127.0.0.1:33622
Client disconnected: /127.0.0.1:33602
Received from client: LIST
Client connected: /127.0.0.1:33636
Client disconnected: /127.0.0.1:33608
Received from client: LIST
Client connected: /127.0.0.1:33650
Client connected: /127.0.0.1:33652
Received from client: LIST
Client disconnected: /127.0.0.1:33622
Client disconnected: /127.0.0.1:33636
Received from client: LIST
Client connected: /127.0.0.1:33666
Client disconnected: /127.0.0.1:33650
Client connected: /127.0.0.1:33682
Received from client: LIST
Client disconnected: /127.0.0.1:33652
Client disconnected: /127.0.0.1:33666
Client connected: /127.0.0.1:33686
Received from client: LIST
Received from client: LIST
Client connected: /127.0.0.1:33688
Client disconnected: /127.0.0.1:33686
Client disconnected: /127.0.0.1:33682
Received from client: LIST
Client connected: /127.0.0.1:33694
Client disconnected: /127.0.0.1:33688
Received from client: LIST
Client connected: /127.0.0.1:33708
Client connected: /127.0.0.1:33720
Received from client: LIST
Client connected: /127.0.0.1:33732
Received from client: LIST
Client disconnected: /127.0.0.1:33694
Received from client: LIST
Client connected: /127.0.0.1:33748
Client disconnected: /127.0.0.1:33732
Client disconnected: /127.0.0.1:33708
Received from client: LIST
Client connected: /127.0.0.1:33750
Client disconnected: /127.0.0.1:33720
Client connected: /127.0.0.1:33758
Received from client: LIST
Client connected: /127.0.0.1:33760
Received from client: LIST
Client disconnected: /127.0.0.1:33748
Client connected: /127.0.0.1:33762
Received from client: LIST
Client disconnected: /127.0.0.1:33750
Client disconnected: /127.0.0.1:33758
Received from client: LIST
Client connected: /127.0.0.1:33776
Client disconnected: /127.0.0.1:33762
Received from client: LIST
Client connected: /127.0.0.1:33784
Client disconnected: /127.0.0.1:33760
Client connected: /127.0.0.1:33800
Received from client: LIST
Client disconnected: /127.0.0.1:33776
Received from client: LIST
Client connected: /127.0.0.1:33806
Client disconnected: /127.0.0.1:33784
Client disconnected: /127.0.0.1:33800
Client connected: /127.0.0.1:33808
Received from client: LIST
Received from client: LIST
Client connected: /127.0.0.1:33816
Client disconnected: /127.0.0.1:33806
Client connected: /127.0.0.1:33822
Received from client: LIST
Client disconnected: /127.0.0.1:33808
Received from client: LIST
Client connected: /127.0.0.1:33836
Client connected: /127.0.0.1:33846
Received from client: LIST
Client disconnected: /127.0.0.1:33816
Client disconnected: /127.0.0.1:33822
Client disconnected: /127.0.0.1:33836
Client connected: /127.0.0.1:33852
Received from client: LIST
Client disconnected: /127.0.0.1:33846
Received from client: LIST
Client connected: /127.0.0.1:33862
Client disconnected: /127.0.0.1:33852
Client connected: /127.0.0.1:33866
Received from client: LIST
Client connected: /127.0.0.1:33878
Client disconnected: /127.0.0.1:33866
Client connected: /127.0.0.1:33886
Received from client: LIST
Received from client: LIST
Client connected: /127.0.0.1:33888
Received from client: LIST
Client connected: /127.0.0.1:33904
Received from client: LIST
Client disconnected: /127.0.0.1:33862
Client disconnected: /127.0.0.1:33878
Client disconnected: /127.0.0.1:33886
Client connected: /127.0.0.1:33912
Client disconnected: /127.0.0.1:33888
Received from client: LIST
Client connected: /127.0.0.1:33918
Client disconnected: /127.0.0.1:33904
Received from client: LIST
Client connected: /127.0.0.1:33924
Received from client: LIST
Client disconnected: /127.0.0.1:33912
Client connected: /127.0.0.1:33938
Received from client: LIST
Client disconnected: /127.0.0.1:33918
Client connected: /127.0.0.1:33950
Client disconnected: /127.0.0.1:33924
Received from client: LIST
Received from client: LIST
Client connected: /127.0.0.1:33962
Client connected: /127.0.0.1:33970
Received from client: LIST
Client disconnected: /127.0.0.1:33938
Client disconnected: /127.0.0.1:33950
Client connected: /127.0.0.1:33980
Received from client: LIST
Client disconnected: /127.0.0.1:33962
Received from client: LIST
Client connected: /127.0.0.1:33990
Client disconnected: /127.0.0.1:33970
Received from client: LIST
Client connected: /127.0.0.1:33994
Client connected: /127.0.0.1:34000
Received from client: LIST
Client disconnected: /127.0.0.1:33980
Client disconnected: /127.0.0.1:33990
Client connected: /127.0.0.1:34016
Received from client: LIST
Client disconnected: /127.0.0.1:33994
Received from client: LIST
Client connected: /127.0.0.1:34018
Client disconnected: /127.0.0.1:34000
Client connected: /127.0.0.1:34032
Received from client: LIST
Client disconnected: /127.0.0.1:34016
Received from client: LIST
Client connected: /127.0.0.1:34046
Client connected: /127.0.0.1:34060
Received from client: LIST
Client disconnected: /127.0.0.1:34032
Client disconnected: /127.0.0.1:34046
Client disconnected: /127.0.0.1:34018
Received from client: LIST
Client connected: /127.0.0.1:34076
Received from client: LIST
Client disconnected: /127.0.0.1:34060
Client disconnected: /127.0.0.1:34076
]]></system-out>
  </testcase>
</testsuite>