<?xml version="1.0" encoding="UTF-8"?>
<testsuite xmlns:xsi="http://www.w3.org/2001/XMLSchema-instance" xsi:noNamespaceSchemaLocation="https://maven.apache.org/surefire/maven-surefire-plugin/xsd/surefire-test-report.xsd" version="3.0.2" name="ThreadManagementTests" time="1.157" tests="3" errors="0" skipped="0" failures="0">
  <properties>
[...]
</properties>
  <testcase name="testReadersAndWritersSynchronization" classname="ThreadManagementTests" time="0.125">
    <system-out><![CDATA[Server started. Listening on port 12345...
Client connected: /127.0.0.1:34088
Test server is ready on port 12345
Client disconnected: /127.0.0.1:34088
Client connected: /127.0.0.1:34102
Received from client: CREATE shared
Client connected: /127.0.0.1:34116
Client disconnected: /127.0.0.1:34102
Received from client: WRITE shared hello
Client disconnected: /127.0.0.1:34116
Client connected: /127.0.0.1:34132
Client connected: /127.0.0.1:34148
Received from client: READ shared
Reader got: SUCCESS: 
Client connected: /127.0.0.1:34164
Client disconnected: /127.0.0.1:34132
Received from client: READ shared
Client connected: /127.0.0.1:34168
Reader got: SUCCESS: 
Client disconnected: /127.0.0.1:34164
Client connected: /127.0.0.1:34178
Received from client: READ shared
Received from client: READ shared
Reader got: SUCCESS: 
Received from client: READ shared
Reader got: SUCCESS: 
Client disconnected: /127.0.0.1:34148
Client disconnected: /127.0.0.1:34168
Reader got: SUCCESS: 
Client disconnected: /127.0.0.1:34178
Client connected: /127.0.0.1:34192
Received from client: WRITE shared world
Writer got: ERROR: ERROR: file too large
Client disconnected: /127.0.0.1:34192
]]></system-out>
    <system-err><![CDATA[java.io.IOException: Stream Closed
	at java.base/java.io.RandomAccessFile.seek0(Native Method)
	at java.base/java.io.RandomAccessFile.seek(RandomAccessFile.java:591)
	at ca.concordia.filesystem.FileSystemManager.saveMetadata(FileSystemManager.java:119)
	at ca.concordia.filesystem.FileSystemManager.createFile(FileSystemManager.java:196)
	at ca.concordia.server.ServerThread.run(ServerThread.java:59)
java.lang.Exception: ERROR: file too large
	at ca.concordia.filesystem.FileSystemManager.writeFile(FileSystemManager.java:281)
	at ca.concordia.server.ServerThread.run(ServerThread.java:81)
java.lang.Exception: ERROR: file too large
	at ca.concordia.filesystem.FileSystemManager.writeFile(FileSystemManager.java:281)
	at ca.concordia.server.ServerThread.run(ServerThread.java:81)
]]></system-err>
  </testcase>
  <testcase name="testDeadlockPreventionUnderStress" classname="ThreadManagementTests" time="0.147">
    <system-out><![CDATA[Client connected: /127.0.0.1:34204
Received from client: READ shared
Client connected: /127.0.0.1:34214
Client connected: /127.0.0.1:34224
Received from client: WRITE shared data0
Client disconnected: /127.0.0.1:34204
Client connected: /127.0.0.1:34238
Received from client: READ shared
Client disconnected: /127.0.0.1:34224
Client disconnected: /127.0.0.1:34214
Client connected: /127.0.0.1:34254
Received from client: WRITE shared data3
Received from client: READ shared
Client disconnected: /127.0.0.1:34238
Client disconnected: /127.0.0.1:34254
Client connected: /127.0.0.1:34270
Client connected: /127.0.0.1:34278
Received from client: READ shared
Client connected: /127.0.0.1:34286
Received from client: WRITE shared data6
Client connected: /127.0.0.1:34290
Received from client: READ shared
Client disconnected: /127.0.0.1:34270
Client disconnected: /127.0.0.1:34278
Client connected: /127.0.0.1:34300
Received from client: READ shared
Client disconnected: /127.0.0.1:34286
Received from client: WRITE shared data9
Client connected: /127.0.0.1:34302
Client disconnected: /127.0.0.1:34290
Client disconnected: /127.0.0.1:34300
Client connected: /127.0.0.1:34304
Received from client: READ shared
Client disconnected: /127.0.0.1:34302
Client connected: /127.0.0.1:34314
Received from client: READ shared
Client connected: /127.0.0.1:34324
Client disconnected: /127.0.0.1:34304
Received from client: WRITE shared data12
Client connected: /127.0.0.1:34338
Received from client: READ shared
Client connected: /127.0.0.1:34346
Received from client: READ shared
Client disconnected: /127.0.0.1:34324
Client connected: /127.0.0.1:34350
Client disconnected: /127.0.0.1:34314
Client disconnected: /127.0.0.1:34338
Received from client: WRITE shared data15
Client connected: /127.0.0.1:34364
Received from client: READ shared
Client connected: /127.0.0.1:34370
Received from client: READ shared
Client connected: /127.0.0.1:34376
Client disconnected: /127.0.0.1:34350
Received from client: WRITE shared data18
Client disconnected: /127.0.0.1:34346
Client disconnected: /127.0.0.1:34370
Client connected: /127.0.0.1:34382
Received from client: READ shared
Client disconnected: /127.0.0.1:34364
Client disconnected: /127.0.0.1:34376
Received from client: READ shared
Client connected: /127.0.0.1:34390
Client disconnected: /127.0.0.1:34382
Received from client: WRITE shared data21
Client connected: /127.0.0.1:34406
Client disconnected: /127.0.0.1:34390
Client connected: /127.0.0.1:34412
Received from client: READ shared
Client disconnected: /127.0.0.1:34406
Client connected: /127.0.0.1:34426
Received from client: READ shared
Client connected: /127.0.0.1:34428
Received from client: WRITE shared data24
Client connected: /127.0.0.1:34436
Received from client: READ shared
Client connected: /127.0.0.1:34442
Received from client: READ shared
Client disconnected: /127.0.0.1:34426
Client connected: /127.0.0.1:34458
Received from client: WRITE shared data27
Client connected: /127.0.0.1:34460
Client disconnected: /127.0.0.1:34428
Client disconnected: /127.0.0.1:34412
Received from client: READ shared
Client disconnected: /127.0.0.1:34436
Client disconnected: /127.0.0.1:34442
Client disconnected: /127.0.0.1:34458
Client connected: /127.0.0.1:34464
Received from client: WRITE shared data30
Client connected: /127.0.0.1:34466
Client connected: /127.0.0.1:34478
Received from client: READ shared
Received from client: READ shared
Client connected: /127.0.0.1:34492
Received from client: READ shared
Client connected: /127.0.0.1:34506
Client disconnected: /127.0.0.1:34460
Received from client: WRITE shared data33
Client disconnected: /127.0.0.1:34492
Client disconnected: /127.0.0.1:34464
Client connected: /127.0.0.1:34522
Client disconnected: /127.0.0.1:34466
Received from client: READ shared
Client disconnected: /127.0.0.1:34506
Client disconnected: /127.0.0.1:34478
Client connected: /127.0.0.1:34536
Received from client: READ shared
Client disconnected: /127.0.0.1:34522
Client connected: /127.0.0.1:34544
Received from client: WRITE shared data36
Client connected: /127.0.0.1:34548
Client disconnected: /127.0.0.1:34536
Received from client: READ shared
Client connected: /127.0.0.1:34560
Received from client: WRITE shared data39
Client connected: /127.0.0.1:34564
Client disconnected: /127.0.0.1:34560
Client connected: /127.0.0.1:34572
Received from client: READ shared
Received from client: READ shared
Client disconnected: /127.0.0.1:34544
Client connected: /127.0.0.1:34588
Received from client: READ shared
Client disconnected: /127.0.0.1:34548
Client connected: /127.0.0.1:34602
Received from client: WRITE shared data42
Client disconnected: /127.0.0.1:34572
Client disconnected: /127.0.0.1:34564
Received from client: READ shared
Client connected: /127.0.0.1:34612
Client disconnected: /127.0.0.1:34602
Client disconnected: /127.0.0.1:34588
Client connected: /127.0.0.1:34614
Client connected: /127.0.0.1:34624
Received from client: WRITE shared data45
Received from client: READ shared
Client connected: /127.0.0.1:34632
Received from client: READ shared
Client connected: /127.0.0.1:34648
Received from client: READ shared
Client disconnected: /127.0.0.1:34612
Client disconnected: /127.0.0.1:34614
Client disconnected: /127.0.0.1:34624
Client disconnected: /127.0.0.1:34632
Client connected: /127.0.0.1:34650
Received from client: WRITE shared data48
Received from client: READ shared
Client disconnected: /127.0.0.1:34648
Client disconnected: /127.0.0.1:34650
]]></system-out>
    <system-err><![CDATA[java.lang.Exception: ERROR: file too large
	at ca.concordia.filesystem.FileSystemManager.writeFile(FileSystemManager.java:281)
	at ca.concordia.server.ServerThread.run(ServerThread.java:81)
java.lang.Exception: ERROR: file too large
	at ca.concordia.filesystem.FileSystemManager.writeFile(FileSystemManager.java:281)
	at ca.concordia.server.ServerThread.run(ServerThread.java:81)
java.lang.Exception: ERROR: file too large
	at ca.concordia.filesystem.FileSystemManager.writeFile(FileSystemManager.java:281)
	at ca.concordia.server.ServerThread.run(ServerThread.java:81)
java.lang.Exception: ERROR: file too large
	at ca.concordia.filesystem.FileSystemManager.writeFile(FileSystemManager.java:281)
	at ca.concordia.server.ServerThread.run(ServerThread.java:81)
java.lang.Exception: ERROR: file too large
	at ca.concordia.filesystem.FileSystemManager.writeFile(FileSystemManager.java:281)
	at ca.concordia.server.ServerThread.run(ServerThread.java:81)
java.lang.Exception: ERROR: file too large
	at ca.concordia.filesystem.FileSystemManager.writeFile(FileSystemManager.java:281)
	at ca.concordia.server.ServerThread.run(ServerThread.java:81)
java.lang.Exception: ERROR: file too large
	at ca.concordia.filesystem.FileSystemManager.writeFile(FileSystemManager.java:281)
	at ca.concordia.server.ServerThread.run(ServerThread.java:81)
java.lang.Exception: ERROR: file too large
	at ca.concordia.filesystem.FileSystemManager.writeFile(FileSystemManager.java:281)
	at ca.concordia.server.ServerThread.run(ServerThread.java:81)
java.lang.Exception: ERROR: file too large
	at ca.concordia.filesystem.FileSystemManager.writeFile(FileSystemManager.java:281)
	at ca.concordia.server.ServerThread.run(ServerThread.java:81)
java.lang.Exception: ERROR: file too large
	at ca.concordia.filesystem.FileSystemManager.writeFile(FileSystemManager.java:281)
	at ca.concordia.server.ServerThread.run(ServerThread.java:81)
java.lang.Exception: ERROR: file too large
	at ca.concordia.filesystem.FileSystemManager.writeFile(FileSystemManager.java:281)
	at ca.concordia.server.ServerThread.run(ServerThread.java:81)
java.lang.Exception: ERROR: file too large
	at ca.concordia.filesystem.FileSystemManager.writeFile(FileSystemManager.java:281)
	at ca.concordia.server.ServerThread.run(ServerThread.java:81)
java.lang.Exception: ERROR: file too large
	at ca.concordia.filesystem.FileSystemManager.writeFile(FileSystemManager.java:281)
	at ca.concordia.server.ServerThread.run(ServerThread.java:81)
java.lang.Exception: ERROR: file too large
	at ca.concordia.filesystem.FileSystemManager.writeFile(FileSystemManager.java:281)
	at ca.concordia.server.ServerThread.run(ServerThread.java:81)
java.lang.Exception: ERROR: file too large
	at ca.concordia.filesystem.FileSystemManager.writeFile(FileSystemManager.java:281)
	at ca.concordia.server.ServerThread.run(ServerThread.java:81)
java.lang.Exception: ERROR: file too large
	at ca.concordia.filesystem.FileSystemManager.writeFile(FileSystemManager.java:281)
	at ca.concordia.server.ServerThread.run(ServerThread.java:81)
java.lang.Exception: ERROR: file too large
	at ca.concordia.filesystem.FileSystemManager.writeFile(FileSystemManager.java:281)
	at ca.concordia.server.ServerThread.run(ServerThread.java:81)
]]></system-err>
  </testcase>
  <testcase name="testMultipleClientsConcurrentAccess" classname="ThreadManagementTests" time="0.127">
    <system-out><![CDATA[Client connected: /127.0.0.1:34666
Client connected: /127.0.0.1:34670
Client connected: /127.0.0.1:34684
Received from client: CREATE file1
Received from client: CREATE file0
Client connected: /127.0.0.1:34688
Received from client: CREATE file2
Client disconnected: /127.0.0.1:34666
Client disconnected: /127.0.0.1:34684
Client disconnected: /127.0.0.1:34670
Client connected: /127.0.0.1:34692
Received from client: CREATE file3
Client disconnected: /127.0.0.1:34688
Received from client: CREATE file4
Client disconnected: /127.0.0.1:34692
Client connected: /127.0.0.1:34698
Client connected: /127.0.0.1:34702
Received from client: CREATE file5
Client connected: /127.0.0.1:34718
Client disconnected: /127.0.0.1:34698
Received from client: CREATE file6
Client disconnected: /127.0.0.1:34702
Client connected: /127.0.0.1:34716
Received from client: CREATE file7
Client connected: /127.0.0.1:34722
Received from client: CREATE file8
Client disconnected: /127.0.0.1:34718
Client disconnected: /127.0.0.1:34716
Client connected: /127.0.0.1:34738
Client connected: /127.0.0.1:34752
Received from client: CREATE file9
Received from client: CREATE file10
Client connected: /127.0.0.1:34758
Received from client: CREATE file11
Client disconnected: /127.0.0.1:34752
Client disconnected: /127.0.0.1:34722
Client disconnected: /127.0.0.1:34738
Client connected: /127.0.0.1:34760
Received from client: CREATE file12
Client connected: /127.0.0.1:34766
Client connected: /127.0.0.1:34778
Received from client: CREATE file13
Client disconnected: /127.0.0.1:34760
Received from client: CREATE file18
Client disconnected: /127.0.0.1:34758
Client disconnected: /127.0.0.1:34778
Client connected: /127.0.0.1:34780
Received from client: CREATE file17
Client disconnected: /127.0.0.1:34766
Client connected: /127.0.0.1:34796
Received from client: CREATE file19
Client connected: /127.0.0.1:34800
Client disconnected: /127.0.0.1:34780
Client connected: /127.0.0.1:34798
Received from client: CREATE file14
Received from client: CREATE file16
Client disconnected: /127.0.0.1:34796
Received from client: CREATE file15
Client disconnected: /127.0.0.1:34798
Client disconnected: /127.0.0.1:34800
]]></system-out>
    <system-err><![CDATA[java.io.IOException: Stream Closed
	at java.base/java.io.RandomAccessFile.seek0(Native Method)
	at java.base/java.io.RandomAccessFile.seek(RandomAccessFile.java:591)
	at ca.concordia.filesystem.FileSystemManager.saveMetadata(FileSystemManager.java:119)
	at ca.concordia.filesystem.FileSystemManager.createFile(FileSystemManager.java:196)
	at ca.concordia.server.ServerThread.run(ServerThread.java:59)
java.io.IOException: Stream Closed
	at java.base/java.io.RandomAccessFile.seek0(Native Method)
	at java.base/java.io.RandomAccessFile.seek(RandomAccessFile.java:591)
	at ca.concordia.filesystem.FileSystemManager.saveMetadata(FileSystemManager.java:119)
	at ca.concordia.filesystem.FileSystemManager.createFile(FileSystemManager.java:196)
	at ca.concordia.server.ServerThread.run(ServerThread.java:59)
java.io.IOException: Stream Closed
	at java.base/java.io.RandomAccessFile.seek0(Native Method)
	at java.base/java.io.RandomAccessFile.seek(RandomAccessFile.java:591)
	at ca.concordia.filesystem.FileSystemManager.saveMetadata(FileSystemManager.java:119)
	at ca.concordia.filesystem.FileSystemManager.createFile(FileSystemManager.java:196)
	at ca.concordia.server.ServerThread.run(ServerThread.java:59)
java.io.IOException: Stream Closed
	at java.base/java.io.RandomAccessFile.seek0(Native Method)
	at java.base/java.io.RandomAccessFile.seek(RandomAccessFile.java:591)
	at ca.concordia.filesystem.FileSystemManager.saveMetadata(FileSystemManager.java:119)
	at ca.concordia.filesystem.FileSystemManager.createFile(FileSystemManager.java:196)
	at ca.concordia.server.ServerThread.run(ServerThread.java:59)
java.lang.Exception: ERROR: maximum number of files reached
	at ca.concordia.filesystem.FileSystemManager.createFile(FileSystemManager.java:189)
	at ca.concordia.server.ServerThread.run(ServerThread.java:59)
java.lang.Exception: ERROR: maximum number of files reached
	at ca.concordia.filesystem.FileSystemManager.createFile(FileSystemManager.java:189)
	at ca.concordia.server.ServerThread.run(ServerThread.java:59)
java.lang.Exception: ERROR: maximum number of files reached
	at ca.concordia.filesystem.FileSystemManager.createFile(FileSystemManager.java:189)
	at ca.concordia.server.ServerThread.run(ServerThread.java:59)
java.lang.Exception: ERROR: maximum number of files reached
	at ca.concordia.filesystem.FileSystemManager.createFile(FileSystemManager.java:189)
	at ca.concordia.server.ServerThread.run(ServerThread.java:59)
java.lang.Exception: ERROR: maximum number of files reached
	at ca.concordia.filesystem.FileSystemManager.createFile(FileSystemManager.java:189)
	at ca.concordia.server.ServerThread.run(ServerThread.java:59)
java.lang.Exception: ERROR: maximum number of files reached
	at ca.concordia.filesystem.FileSystemManager.createFile(FileSystemManager.java:189)
	at ca.concordia.server.ServerThread.run(ServerThread.java:59)
java.lang.Exception: ERROR: maximum number of files reached
	at ca.concordia.filesystem.FileSystemManager.createFile(FileSystemManager.java:189)
	at ca.concordia.server.ServerThread.run(ServerThread.java:59)
java.lang.Exception: ERROR: maximum number of files reached
	at ca.concordia.filesystem.FileSystemManager.createFile(FileSystemManager.java:189)
	at ca.concordia.server.ServerThread.run(ServerThread.java:59)
java.lang.Exception: ERROR: maximum number of files reached
	at ca.concordia.filesystem.FileSystemManager.createFile(FileSystemManager.java:189)
	at ca.concordia.server.ServerThread.run(ServerThread.java:59)
java.lang.Exception: ERROR: maximum number of files reached
	at ca.concordia.filesystem.FileSystemManager.createFile(FileSystemManager.java:189)
	at ca.concordia.server.ServerThread.run(ServerThread.java:59)
java.lang.Exception: ERROR: maximum number of files reached
	at ca.concordia.filesystem.FileSystemManager.createFile(FileSystemManager.java:189)
	at ca.concordia.server.ServerThread.run(ServerThread.java:59)
java.lang.Exception: ERROR: maximum number of files reached
	at ca.concordia.filesystem.FileSystemManager.createFile(FileSystemManager.java:189)
	at ca.concordia.server.ServerThread.run(ServerThread.java:59)
java.lang.Exception: ERROR: maximum number of files reached
	at ca.concordia.filesystem.FileSystemManager.createFile(FileSystemManager.java:189)
	at ca.concordia.server.ServerThread.run(ServerThread.java:59)
java.lang.Exception: ERROR: maximum number of files reached
	at ca.concordia.filesystem.FileSystemManager.createFile(FileSystemManager.java:189)
	at ca.concordia.server.ServerThread.run(ServerThread.java:59)
java.lang.Exception: ERROR: maximum number of files reached
	at ca.concordia.filesystem.FileSystemManager.createFile(FileSystemManager.java:189)
	at ca.concordia.server.ServerThread.run(ServerThread.java:59)
java.lang.Exception: ERROR: maximum number of files reached
	at ca.concordia.filesystem.FileSystemManager.createFile(FileSystemManager.java:189)
	at ca.concordia.server.ServerThread.run(ServerThread.java:59)
]]></system-err>
  </testcase>
</testsuite>